------------
Profiler Configuration
output path: /home/nfs/kona/pwr2018/output/lulesh/135_2_8_1
powercap: 135 watts
monitoring frequency: 100000000 nano seconds
------------
Running problem size 1^3 per domain until completion
Num processors: 8
Num threads: 32
Total number of elements: 8

To run other sizes, use -s <integer>.
To run a fixed number of iterations, use -i <integer>.
To run a more or less balanced region set, use -b <integer>.
To change the relative costs of regions, use -c <integer>.
To print out progress, use -p
To write an output file for VisIt, use -v
See help (-h) for more options

PWR_ObjAttrSetValue valled
attrSetValues called. count is 1
for looooop
attrSetValuesDevice called
setValue valled
Power set to 135.000000W for socket 0
Power set to 135.000000W for socket 1
attrSetValueDevice called from attrSetValues
Run completed:  
   Problem size        =  1 
   MPI tasks           =  8 
   Iteration count     =  5 
   Final Origin Energy = 2.746125e+03 
   Testing Plane 0 of Energy Array on rank 0:
        MaxAbsDiff   = 0.000000e+00
        TotalAbsDiff = 0.000000e+00
        MaxRelDiff   = 0.000000e+00


Elapsed time         =      61.59 (s)
Grind time (us/z/c)  =   12318463 (per dom)  ( 1539807.9 overall)
FOM                  = 0.00064943166 (z/s)

Rank 0: Resetting power limit to 135.000000 for socket 0
Rank 0: Resetting power limit to 135.000000 for socket 1
PWR_ObjAttrSetValue valled
attrSetValues called. count is 1
for looooop
attrSetValuesDevice called
setValue valled
Power set to 135.000000W for socket 0
Power set to 135.000000W for socket 1
attrSetValueDevice called from attrSetValues
Rank 4: Resetting power limit to 135.000000 for socket 0
Rank 4: Resetting power limit to 135.000000 for socket 1
