This file contains any messages produced by compilers while
running configure, to aid debugging if configure makes a mistake.

It was created by pwrapi configure 1.0.1, which was
generated by GNU Autoconf 2.69.  Invocation command line was

  $ ./configure --prefix=/home/kona/pwr2018/pwrlib-install --with-hwloc=/usr/include/hwloc

## --------- ##
## Platform. ##
## --------- ##

hostname = power2018
uname -m = x86_64
uname -r = 4.4.0-87-generic
uname -s = Linux
uname -v = #110-Ubuntu SMP Tue Jul 18 12:55:35 UTC 2017

/usr/bin/uname -p = unknown
/bin/uname -X     = unknown

/bin/arch              = unknown
/usr/bin/arch -k       = unknown
/usr/convex/getsysinfo = unknown
/usr/bin/hostinfo      = unknown
/bin/machine           = unknown
/usr/bin/oslevel       = unknown
/bin/universe          = unknown

PATH: /usr/local/sbin
PATH: /usr/local/bin
PATH: /usr/sbin
PATH: /usr/bin
PATH: /sbin
PATH: /bin
PATH: /usr/games
PATH: /usr/local/games


## ----------- ##
## Core tests. ##
## ----------- ##

configure:2492: checking for a BSD-compatible install
configure:2560: result: /usr/bin/install -c
configure:2571: checking whether build environment is sane
configure:2626: result: yes
configure:2777: checking for a thread-safe mkdir -p
configure:2816: result: /bin/mkdir -p
configure:2823: checking for gawk
configure:2839: found /usr/bin/gawk
configure:2850: result: gawk
configure:2861: checking whether make sets $(MAKE)
configure:2883: result: yes
configure:2912: checking whether make supports nested variables
configure:2929: result: yes
configure:3174: checking whether to enable maintainer-specific portions of Makefiles
configure:3183: result: no
configure:3245: checking for gcc
configure:3261: found /usr/bin/gcc
configure:3272: result: gcc
configure:3501: checking for C compiler version
configure:3510: gcc --version >&5
gcc (Ubuntu 5.4.0-6ubuntu1~16.04.9) 5.4.0 20160609
Copyright (C) 2015 Free Software Foundation, Inc.
This is free software; see the source for copying conditions.  There is NO
warranty; not even for MERCHANTABILITY or FITNESS FOR A PARTICULAR PURPOSE.

configure:3521: $? = 0
configure:3510: gcc -v >&5
Using built-in specs.
COLLECT_GCC=gcc
COLLECT_LTO_WRAPPER=/usr/lib/gcc/x86_64-linux-gnu/5/lto-wrapper
Target: x86_64-linux-gnu
Configured with: ../src/configure -v --with-pkgversion='Ubuntu 5.4.0-6ubuntu1~16.04.9' --with-bugurl=file:///usr/share/doc/gcc-5/README.Bugs --enable-languages=c,ada,c++,java,go,d,fortran,objc,obj-c++ --prefix=/usr --program-suffix=-5 --enable-shared --enable-linker-build-id --libexecdir=/usr/lib --without-included-gettext --enable-threads=posix --libdir=/usr/lib --enable-nls --with-sysroot=/ --enable-clocale=gnu --enable-libstdcxx-debug --enable-libstdcxx-time=yes --with-default-libstdcxx-abi=new --enable-gnu-unique-object --disable-vtable-verify --enable-libmpx --enable-plugin --with-system-zlib --disable-browser-plugin --enable-java-awt=gtk --enable-gtk-cairo --with-java-home=/usr/lib/jvm/java-1.5.0-gcj-5-amd64/jre --enable-java-home --with-jvm-root-dir=/usr/lib/jvm/java-1.5.0-gcj-5-amd64 --with-jvm-jar-dir=/usr/lib/jvm-exports/java-1.5.0-gcj-5-amd64 --with-arch-directory=amd64 --with-ecj-jar=/usr/share/java/eclipse-ecj.jar --enable-objc-gc --enable-multiarch --disable-werror --with-arch-32=i686 --with-abi=m64 --with-multilib-list=m32,m64,mx32 --enable-multilib --with-tune=generic --enable-checking=release --build=x86_64-linux-gnu --host=x86_64-linux-gnu --target=x86_64-linux-gnu
Thread model: posix
gcc version 5.4.0 20160609 (Ubuntu 5.4.0-6ubuntu1~16.04.9) 
configure:3521: $? = 0
configure:3510: gcc -V >&5
gcc: error: unrecognized command line option '-V'
gcc: fatal error: no input files
compilation terminated.
configure:3521: $? = 1
configure:3510: gcc -qversion >&5
gcc: error: unrecognized command line option '-qversion'
gcc: fatal error: no input files
compilation terminated.
configure:3521: $? = 1
configure:3541: checking whether the C compiler works
configure:3563: gcc    conftest.c  >&5
configure:3567: $? = 0
configure:3615: result: yes
configure:3618: checking for C compiler default output file name
configure:3620: result: a.out
configure:3626: checking for suffix of executables
configure:3633: gcc -o conftest    conftest.c  >&5
configure:3637: $? = 0
configure:3659: result: 
configure:3681: checking whether we are cross compiling
configure:3689: gcc -o conftest    conftest.c  >&5
configure:3693: $? = 0
configure:3700: ./conftest
configure:3704: $? = 0
configure:3719: result: no
configure:3724: checking for suffix of object files
configure:3746: gcc -c   conftest.c >&5
configure:3750: $? = 0
configure:3771: result: o
configure:3775: checking whether we are using the GNU C compiler
configure:3794: gcc -c   conftest.c >&5
configure:3794: $? = 0
configure:3803: result: yes
configure:3812: checking whether gcc accepts -g
configure:3832: gcc -c -g  conftest.c >&5
configure:3832: $? = 0
configure:3873: result: yes
configure:3890: checking for gcc option to accept ISO C89
configure:3953: gcc  -c -g -O2  conftest.c >&5
configure:3953: $? = 0
configure:3966: result: none needed
configure:3991: checking whether gcc understands -c and -o together
configure:4013: gcc -c conftest.c -o conftest2.o
configure:4016: $? = 0
configure:4013: gcc -c conftest.c -o conftest2.o
configure:4016: $? = 0
configure:4028: result: yes
configure:4056: checking for style of include used by make
configure:4084: result: GNU
configure:4110: checking dependency style of gcc
configure:4221: result: gcc3
configure:4238: checking dependency style of gcc
configure:4349: result: gcc3
configure:4422: checking for g++
configure:4438: found /usr/bin/g++
configure:4449: result: g++
configure:4476: checking for C++ compiler version
configure:4485: g++ --version >&5
g++ (Ubuntu 5.4.0-6ubuntu1~16.04.9) 5.4.0 20160609
Copyright (C) 2015 Free Software Foundation, Inc.
This is free software; see the source for copying conditions.  There is NO
warranty; not even for MERCHANTABILITY or FITNESS FOR A PARTICULAR PURPOSE.

configure:4496: $? = 0
configure:4485: g++ -v >&5
Using built-in specs.
COLLECT_GCC=g++
COLLECT_LTO_WRAPPER=/usr/lib/gcc/x86_64-linux-gnu/5/lto-wrapper
Target: x86_64-linux-gnu
Configured with: ../src/configure -v --with-pkgversion='Ubuntu 5.4.0-6ubuntu1~16.04.9' --with-bugurl=file:///usr/share/doc/gcc-5/README.Bugs --enable-languages=c,ada,c++,java,go,d,fortran,objc,obj-c++ --prefix=/usr --program-suffix=-5 --enable-shared --enable-linker-build-id --libexecdir=/usr/lib --without-included-gettext --enable-threads=posix --libdir=/usr/lib --enable-nls --with-sysroot=/ --enable-clocale=gnu --enable-libstdcxx-debug --enable-libstdcxx-time=yes --with-default-libstdcxx-abi=new --enable-gnu-unique-object --disable-vtable-verify --enable-libmpx --enable-plugin --with-system-zlib --disable-browser-plugin --enable-java-awt=gtk --enable-gtk-cairo --with-java-home=/usr/lib/jvm/java-1.5.0-gcj-5-amd64/jre --enable-java-home --with-jvm-root-dir=/usr/lib/jvm/java-1.5.0-gcj-5-amd64 --with-jvm-jar-dir=/usr/lib/jvm-exports/java-1.5.0-gcj-5-amd64 --with-arch-directory=amd64 --with-ecj-jar=/usr/share/java/eclipse-ecj.jar --enable-objc-gc --enable-multiarch --disable-werror --with-arch-32=i686 --with-abi=m64 --with-multilib-list=m32,m64,mx32 --enable-multilib --with-tune=generic --enable-checking=release --build=x86_64-linux-gnu --host=x86_64-linux-gnu --target=x86_64-linux-gnu
Thread model: posix
gcc version 5.4.0 20160609 (Ubuntu 5.4.0-6ubuntu1~16.04.9) 
configure:4496: $? = 0
configure:4485: g++ -V >&5
g++: error: unrecognized command line option '-V'
g++: fatal error: no input files
compilation terminated.
configure:4496: $? = 1
configure:4485: g++ -qversion >&5
g++: error: unrecognized command line option '-qversion'
g++: fatal error: no input files
compilation terminated.
configure:4496: $? = 1
configure:4500: checking whether we are using the GNU C++ compiler
configure:4519: g++ -c   conftest.cpp >&5
configure:4519: $? = 0
configure:4528: result: yes
configure:4537: checking whether g++ accepts -g
configure:4557: g++ -c -g  conftest.cpp >&5
configure:4557: $? = 0
configure:4598: result: yes
configure:4623: checking dependency style of g++
configure:4734: result: gcc3
configure:4751: checking dependency style of g++
configure:4862: result: gcc3
configure:4914: checking build system type
configure:4928: result: x86_64-pc-linux-gnu
configure:4948: checking host system type
configure:4961: result: x86_64-pc-linux-gnu
configure:5002: checking how to print strings
configure:5029: result: printf
configure:5050: checking for a sed that does not truncate output
configure:5114: result: /bin/sed
configure:5132: checking for grep that handles long lines and -e
configure:5190: result: /bin/grep
configure:5195: checking for egrep
configure:5257: result: /bin/grep -E
configure:5262: checking for fgrep
configure:5324: result: /bin/grep -F
configure:5359: checking for ld used by gcc
configure:5426: result: /usr/bin/ld
configure:5433: checking if the linker (/usr/bin/ld) is GNU ld
configure:5448: result: yes
configure:5460: checking for BSD- or MS-compatible name lister (nm)
configure:5514: result: /usr/bin/nm -B
configure:5644: checking the name lister (/usr/bin/nm -B) interface
configure:5651: gcc -c -g -O3  conftest.c >&5
configure:5654: /usr/bin/nm -B "conftest.o"
configure:5657: output
0000000000000000 B some_variable
configure:5664: result: BSD nm
configure:5667: checking whether ln -s works
configure:5671: result: yes
configure:5679: checking the maximum length of command line arguments
configure:5810: result: 1572864
configure:5858: checking how to convert x86_64-pc-linux-gnu file names to x86_64-pc-linux-gnu format
configure:5898: result: func_convert_file_noop
configure:5905: checking how to convert x86_64-pc-linux-gnu file names to toolchain format
configure:5925: result: func_convert_file_noop
configure:5932: checking for /usr/bin/ld option to reload object files
configure:5939: result: -r
configure:6013: checking for objdump
configure:6029: found /usr/bin/objdump
configure:6040: result: objdump
configure:6072: checking how to recognize dependent libraries
configure:6272: result: pass_all
configure:6357: checking for dlltool
configure:6387: result: no
configure:6417: checking how to associate runtime and link libraries
configure:6444: result: printf %s\n
configure:6505: checking for ar
configure:6521: found /usr/bin/ar
configure:6532: result: ar
configure:6569: checking for archiver @FILE support
configure:6586: gcc -c -g -O3  conftest.c >&5
configure:6586: $? = 0
configure:6589: ar cru libconftest.a @conftest.lst >&5
ar: `u' modifier ignored since `D' is the default (see `U')
configure:6592: $? = 0
configure:6597: ar cru libconftest.a @conftest.lst >&5
ar: `u' modifier ignored since `D' is the default (see `U')
ar: conftest.o: No such file or directory
configure:6600: $? = 1
configure:6612: result: @
configure:6670: checking for strip
configure:6686: found /usr/bin/strip
configure:6697: result: strip
configure:6769: checking for ranlib
configure:6785: found /usr/bin/ranlib
configure:6796: result: ranlib
configure:6898: checking command to parse /usr/bin/nm -B output from gcc object
configure:7051: gcc -c -g -O3  conftest.c >&5
configure:7054: $? = 0
configure:7058: /usr/bin/nm -B conftest.o \| sed -n -e 's/^.*[ ]\([ABCDGIRSTW][ABCDGIRSTW]*\)[ ][ ]*\([_A-Za-z][_A-Za-z0-9]*\)$/\1 \2 \2/p' | sed '/ __gnu_lto/d' \> conftest.nm
configure:7061: $? = 0
configure:7127: gcc -o conftest -g -O3   conftest.c conftstm.o >&5
configure:7130: $? = 0
configure:7168: result: ok
configure:7215: checking for sysroot
configure:7245: result: no
configure:7252: checking for a working dd
configure:7290: result: /bin/dd
configure:7294: checking how to truncate binary pipes
configure:7309: result: /bin/dd bs=4096 count=1
configure:7445: gcc -c -g -O3  conftest.c >&5
configure:7448: $? = 0
configure:7638: checking for mt
configure:7654: found /bin/mt
configure:7665: result: mt
configure:7688: checking if mt is a manifest tool
configure:7694: mt '-?'
configure:7702: result: no
configure:8379: checking how to run the C preprocessor
configure:8410: gcc -E  conftest.c
configure:8410: $? = 0
configure:8424: gcc -E  conftest.c
conftest.c:13:28: fatal error: ac_nonexistent.h: No such file or directory
compilation terminated.
configure:8424: $? = 1
configure: failed program was:
| /* confdefs.h */
| #define PACKAGE_NAME "pwrapi"
| #define PACKAGE_TARNAME "pwrapi"
| #define PACKAGE_VERSION "1.0.1"
| #define PACKAGE_STRING "pwrapi 1.0.1"
| #define PACKAGE_BUGREPORT ""
| #define PACKAGE_URL ""
| #define PACKAGE "pwrapi"
| #define VERSION "1.0.1"
| #define PACKAGE "pwrapi"
| #define VERSION "1.0.1"
| /* end confdefs.h.  */
| #include <ac_nonexistent.h>
configure:8449: result: gcc -E
configure:8469: gcc -E  conftest.c
configure:8469: $? = 0
configure:8483: gcc -E  conftest.c
conftest.c:13:28: fatal error: ac_nonexistent.h: No such file or directory
compilation terminated.
configure:8483: $? = 1
configure: failed program was:
| /* confdefs.h */
| #define PACKAGE_NAME "pwrapi"
| #define PACKAGE_TARNAME "pwrapi"
| #define PACKAGE_VERSION "1.0.1"
| #define PACKAGE_STRING "pwrapi 1.0.1"
| #define PACKAGE_BUGREPORT ""
| #define PACKAGE_URL ""
| #define PACKAGE "pwrapi"
| #define VERSION "1.0.1"
| #define PACKAGE "pwrapi"
| #define VERSION "1.0.1"
| /* end confdefs.h.  */
| #include <ac_nonexistent.h>
configure:8512: checking for ANSI C header files
configure:8532: gcc -c -g -O3  conftest.c >&5
configure:8532: $? = 0
configure:8605: gcc -o conftest -g -O3   conftest.c  >&5
configure:8605: $? = 0
configure:8605: ./conftest
configure:8605: $? = 0
configure:8616: result: yes
configure:8629: checking for sys/types.h
configure:8629: gcc -c -g -O3  conftest.c >&5
configure:8629: $? = 0
configure:8629: result: yes
configure:8629: checking for sys/stat.h
configure:8629: gcc -c -g -O3  conftest.c >&5
configure:8629: $? = 0
configure:8629: result: yes
configure:8629: checking for stdlib.h
configure:8629: gcc -c -g -O3  conftest.c >&5
configure:8629: $? = 0
configure:8629: result: yes
configure:8629: checking for string.h
configure:8629: gcc -c -g -O3  conftest.c >&5
configure:8629: $? = 0
configure:8629: result: yes
configure:8629: checking for memory.h
configure:8629: gcc -c -g -O3  conftest.c >&5
configure:8629: $? = 0
configure:8629: result: yes
configure:8629: checking for strings.h
configure:8629: gcc -c -g -O3  conftest.c >&5
configure:8629: $? = 0
configure:8629: result: yes
configure:8629: checking for inttypes.h
configure:8629: gcc -c -g -O3  conftest.c >&5
configure:8629: $? = 0
configure:8629: result: yes
configure:8629: checking for stdint.h
configure:8629: gcc -c -g -O3  conftest.c >&5
configure:8629: $? = 0
configure:8629: result: yes
configure:8629: checking for unistd.h
configure:8629: gcc -c -g -O3  conftest.c >&5
configure:8629: $? = 0
configure:8629: result: yes
configure:8643: checking for dlfcn.h
configure:8643: gcc -c -g -O3  conftest.c >&5
configure:8643: $? = 0
configure:8643: result: yes
configure:8910: checking for objdir
configure:8925: result: .libs
configure:9189: checking if gcc supports -fno-rtti -fno-exceptions
configure:9207: gcc -c -g -O3  -fno-rtti -fno-exceptions conftest.c >&5
cc1: warning: command line option '-fno-rtti' is valid for C++/ObjC++ but not for C
configure:9211: $? = 0
configure:9224: result: no
configure:9582: checking for gcc option to produce PIC
configure:9589: result: -fPIC -DPIC
configure:9597: checking if gcc PIC flag -fPIC -DPIC works
configure:9615: gcc -c -g -O3  -fPIC -DPIC -DPIC conftest.c >&5
configure:9619: $? = 0
configure:9632: result: yes
configure:9661: checking if gcc static flag -static works
configure:9689: result: yes
configure:9704: checking if gcc supports -c -o file.o
configure:9725: gcc -c -g -O3  -o out/conftest2.o conftest.c >&5
configure:9729: $? = 0
configure:9751: result: yes
configure:9759: checking if gcc supports -c -o file.o
configure:9806: result: yes
configure:9839: checking whether the gcc linker (/usr/bin/ld -m elf_x86_64) supports shared libraries
configure:11102: result: yes
configure:11139: checking whether -lc should be explicitly linked in
configure:11147: gcc -c -g -O3  conftest.c >&5
configure:11150: $? = 0
configure:11165: gcc -shared  -fPIC -DPIC conftest.o  -v -Wl,-soname -Wl,conftest -o conftest 2\>\&1 \| /bin/grep  -lc  \>/dev/null 2\>\&1
configure:11168: $? = 0
configure:11182: result: no
configure:11342: checking dynamic linker characteristics
configure:11923: gcc -o conftest -g -O3   -Wl,-rpath -Wl,/foo conftest.c  >&5
configure:11923: $? = 0
configure:12172: result: GNU/Linux ld.so
configure:12294: checking how to hardcode library paths into programs
configure:12319: result: immediate
configure:12867: checking whether stripping libraries is possible
configure:12872: result: yes
configure:12907: checking if libtool supports shared libraries
configure:12909: result: yes
configure:12912: checking whether to build shared libraries
configure:12937: result: yes
configure:12940: checking whether to build static libraries
configure:12944: result: yes
configure:12967: checking how to run the C++ preprocessor
configure:12994: g++ -E  conftest.cpp
configure:12994: $? = 0
configure:13008: g++ -E  conftest.cpp
conftest.cpp:25:28: fatal error: ac_nonexistent.h: No such file or directory
compilation terminated.
configure:13008: $? = 1
configure: failed program was:
| /* confdefs.h */
| #define PACKAGE_NAME "pwrapi"
| #define PACKAGE_TARNAME "pwrapi"
| #define PACKAGE_VERSION "1.0.1"
| #define PACKAGE_STRING "pwrapi 1.0.1"
| #define PACKAGE_BUGREPORT ""
| #define PACKAGE_URL ""
| #define PACKAGE "pwrapi"
| #define VERSION "1.0.1"
| #define PACKAGE "pwrapi"
| #define VERSION "1.0.1"
| #define STDC_HEADERS 1
| #define HAVE_SYS_TYPES_H 1
| #define HAVE_SYS_STAT_H 1
| #define HAVE_STDLIB_H 1
| #define HAVE_STRING_H 1
| #define HAVE_MEMORY_H 1
| #define HAVE_STRINGS_H 1
| #define HAVE_INTTYPES_H 1
| #define HAVE_STDINT_H 1
| #define HAVE_UNISTD_H 1
| #define HAVE_DLFCN_H 1
| #define LT_OBJDIR ".libs/"
| /* end confdefs.h.  */
| #include <ac_nonexistent.h>
configure:13033: result: g++ -E
configure:13053: g++ -E  conftest.cpp
configure:13053: $? = 0
configure:13067: g++ -E  conftest.cpp
conftest.cpp:25:28: fatal error: ac_nonexistent.h: No such file or directory
compilation terminated.
configure:13067: $? = 1
configure: failed program was:
| /* confdefs.h */
| #define PACKAGE_NAME "pwrapi"
| #define PACKAGE_TARNAME "pwrapi"
| #define PACKAGE_VERSION "1.0.1"
| #define PACKAGE_STRING "pwrapi 1.0.1"
| #define PACKAGE_BUGREPORT ""
| #define PACKAGE_URL ""
| #define PACKAGE "pwrapi"
| #define VERSION "1.0.1"
| #define PACKAGE "pwrapi"
| #define VERSION "1.0.1"
| #define STDC_HEADERS 1
| #define HAVE_SYS_TYPES_H 1
| #define HAVE_SYS_STAT_H 1
| #define HAVE_STDLIB_H 1
| #define HAVE_STRING_H 1
| #define HAVE_MEMORY_H 1
| #define HAVE_STRINGS_H 1
| #define HAVE_INTTYPES_H 1
| #define HAVE_STDINT_H 1
| #define HAVE_UNISTD_H 1
| #define HAVE_DLFCN_H 1
| #define LT_OBJDIR ".libs/"
| /* end confdefs.h.  */
| #include <ac_nonexistent.h>
configure:13229: checking for ld used by g++
configure:13296: result: /usr/bin/ld -m elf_x86_64
configure:13303: checking if the linker (/usr/bin/ld -m elf_x86_64) is GNU ld
configure:13318: result: yes
configure:13373: checking whether the g++ linker (/usr/bin/ld -m elf_x86_64) supports shared libraries
configure:14446: result: yes
configure:14482: g++ -c -g -O2  conftest.cpp >&5
configure:14485: $? = 0
configure:14966: checking for g++ option to produce PIC
configure:14973: result: -fPIC -DPIC
configure:14981: checking if g++ PIC flag -fPIC -DPIC works
configure:14999: g++ -c -g -O2  -fPIC -DPIC -DPIC conftest.cpp >&5
configure:15003: $? = 0
configure:15016: result: yes
configure:15039: checking if g++ static flag -static works
configure:15067: result: yes
configure:15079: checking if g++ supports -c -o file.o
configure:15100: g++ -c -g -O2  -o out/conftest2.o conftest.cpp >&5
configure:15104: $? = 0
configure:15126: result: yes
configure:15131: checking if g++ supports -c -o file.o
configure:15178: result: yes
configure:15208: checking whether the g++ linker (/usr/bin/ld -m elf_x86_64) supports shared libraries
configure:15251: result: yes
configure:15392: checking dynamic linker characteristics
configure:16149: result: GNU/Linux ld.so
configure:16214: checking how to hardcode library paths into programs
configure:16239: result: immediate
configure:16301: checking whether ln -s works
configure:16305: result: yes
configure:16313: checking for C/C++ restrict keyword
configure:16338: gcc -c -g -O3  conftest.c >&5
configure:16338: $? = 0
configure:16346: result: __restrict
configure:16359: checking for inline
configure:16375: gcc -c -g -O3  conftest.c >&5
configure:16375: $? = 0
configure:16383: result: inline
configure:16567: checking hwloc.h usability
configure:16567: g++ -c -g -O2 -I/usr/include/hwloc/include  conftest.cpp >&5
configure:16567: $? = 0
configure:16567: result: yes
configure:16567: checking hwloc.h presence
configure:16567: g++ -E -I/usr/include/hwloc/include  conftest.cpp
configure:16567: $? = 0
configure:16567: result: yes
configure:16567: checking for hwloc.h
configure:16567: result: yes
configure:16592: g++ -o conftest -g -O2 -I/usr/include/hwloc/include  -L/usr/include/hwloc/lib  conftest.cpp  -lhwloc >&5
configure:16592: $? = 0
configure:16651: checking for python
configure:16684: result: no
configure:16651: checking for python2
configure:16684: result: no
configure:16651: checking for python3
configure:16669: found /usr/bin/python3
configure:16681: result: /usr/bin/python3
configure:16702: checking for python version
configure:16709: result: 3.5
configure:16721: checking for python platform
configure:16728: result: linux
configure:16754: checking for python script directory
configure:16789: result: ${prefix}/lib/python3.5/site-packages
configure:16798: checking for python extension module directory
configure:16833: result: ${exec_prefix}/lib/python3.5/site-packages
configure:16854: Checking for swig to enable Python bindings
configure:16874: checking for python-config
configure:16905: result: NOTFOUND
configure:16941: checking Python.h usability
configure:16941: g++ -c -g -O2   conftest.cpp >&5
conftest.cpp:61:20: fatal error: Python.h: No such file or directory
compilation terminated.
configure:16941: $? = 1
configure: failed program was:
| /* confdefs.h */
| #define PACKAGE_NAME "pwrapi"
| #define PACKAGE_TARNAME "pwrapi"
| #define PACKAGE_VERSION "1.0.1"
| #define PACKAGE_STRING "pwrapi 1.0.1"
| #define PACKAGE_BUGREPORT ""
| #define PACKAGE_URL ""
| #define PACKAGE "pwrapi"
| #define VERSION "1.0.1"
| #define PACKAGE "pwrapi"
| #define VERSION "1.0.1"
| #define STDC_HEADERS 1
| #define HAVE_SYS_TYPES_H 1
| #define HAVE_SYS_STAT_H 1
| #define HAVE_STDLIB_H 1
| #define HAVE_STRING_H 1
| #define HAVE_MEMORY_H 1
| #define HAVE_STRINGS_H 1
| #define HAVE_INTTYPES_H 1
| #define HAVE_STDINT_H 1
| #define HAVE_UNISTD_H 1
| #define HAVE_DLFCN_H 1
| #define LT_OBJDIR ".libs/"
| #define restrict __restrict
| #define HAVE_HWLOC_H 1
| #define HAVE_HWLOC 1
| /* end confdefs.h.  */
| #include <stdio.h>
| #ifdef HAVE_SYS_TYPES_H
| # include <sys/types.h>
| #endif
| #ifdef HAVE_SYS_STAT_H
| # include <sys/stat.h>
| #endif
| #ifdef STDC_HEADERS
| # include <stdlib.h>
| # include <stddef.h>
| #else
| # ifdef HAVE_STDLIB_H
| #  include <stdlib.h>
| # endif
| #endif
| #ifdef HAVE_STRING_H
| # if !defined STDC_HEADERS && defined HAVE_MEMORY_H
| #  include <memory.h>
| # endif
| # include <string.h>
| #endif
| #ifdef HAVE_STRINGS_H
| # include <strings.h>
| #endif
| #ifdef HAVE_INTTYPES_H
| # include <inttypes.h>
| #endif
| #ifdef HAVE_STDINT_H
| # include <stdint.h>
| #endif
| #ifdef HAVE_UNISTD_H
| # include <unistd.h>
| #endif
| #include <Python.h>
configure:16941: result: no
configure:16941: checking Python.h presence
configure:16941: g++ -E   conftest.cpp
conftest.cpp:28:20: fatal error: Python.h: No such file or directory
compilation terminated.
configure:16941: $? = 1
configure: failed program was:
| /* confdefs.h */
| #define PACKAGE_NAME "pwrapi"
| #define PACKAGE_TARNAME "pwrapi"
| #define PACKAGE_VERSION "1.0.1"
| #define PACKAGE_STRING "pwrapi 1.0.1"
| #define PACKAGE_BUGREPORT ""
| #define PACKAGE_URL ""
| #define PACKAGE "pwrapi"
| #define VERSION "1.0.1"
| #define PACKAGE "pwrapi"
| #define VERSION "1.0.1"
| #define STDC_HEADERS 1
| #define HAVE_SYS_TYPES_H 1
| #define HAVE_SYS_STAT_H 1
| #define HAVE_STDLIB_H 1
| #define HAVE_STRING_H 1
| #define HAVE_MEMORY_H 1
| #define HAVE_STRINGS_H 1
| #define HAVE_INTTYPES_H 1
| #define HAVE_STDINT_H 1
| #define HAVE_UNISTD_H 1
| #define HAVE_DLFCN_H 1
| #define LT_OBJDIR ".libs/"
| #define restrict __restrict
| #define HAVE_HWLOC_H 1
| #define HAVE_HWLOC 1
| /* end confdefs.h.  */
| #include <Python.h>
configure:16941: result: no
configure:16941: checking for Python.h
configure:16941: result: no
configure:17037: checking for swig
configure:17071: result: no
configure:17110: Completed check for swig.
configure:17161: checking ulxmlrpcpp/ulxmlrpcpp.h usability
configure:17161: g++ -c -g -O2  conftest.cpp >&5
conftest.cpp:61:35: fatal error: ulxmlrpcpp/ulxmlrpcpp.h: No such file or directory
compilation terminated.
configure:17161: $? = 1
configure: failed program was:
| /* confdefs.h */
| #define PACKAGE_NAME "pwrapi"
| #define PACKAGE_TARNAME "pwrapi"
| #define PACKAGE_VERSION "1.0.1"
| #define PACKAGE_STRING "pwrapi 1.0.1"
| #define PACKAGE_BUGREPORT ""
| #define PACKAGE_URL ""
| #define PACKAGE "pwrapi"
| #define VERSION "1.0.1"
| #define PACKAGE "pwrapi"
| #define VERSION "1.0.1"
| #define STDC_HEADERS 1
| #define HAVE_SYS_TYPES_H 1
| #define HAVE_SYS_STAT_H 1
| #define HAVE_STDLIB_H 1
| #define HAVE_STRING_H 1
| #define HAVE_MEMORY_H 1
| #define HAVE_STRINGS_H 1
| #define HAVE_INTTYPES_H 1
| #define HAVE_STDINT_H 1
| #define HAVE_UNISTD_H 1
| #define HAVE_DLFCN_H 1
| #define LT_OBJDIR ".libs/"
| #define restrict __restrict
| #define HAVE_HWLOC_H 1
| #define HAVE_HWLOC 1
| /* end confdefs.h.  */
| #include <stdio.h>
| #ifdef HAVE_SYS_TYPES_H
| # include <sys/types.h>
| #endif
| #ifdef HAVE_SYS_STAT_H
| # include <sys/stat.h>
| #endif
| #ifdef STDC_HEADERS
| # include <stdlib.h>
| # include <stddef.h>
| #else
| # ifdef HAVE_STDLIB_H
| #  include <stdlib.h>
| # endif
| #endif
| #ifdef HAVE_STRING_H
| # if !defined STDC_HEADERS && defined HAVE_MEMORY_H
| #  include <memory.h>
| # endif
| # include <string.h>
| #endif
| #ifdef HAVE_STRINGS_H
| # include <strings.h>
| #endif
| #ifdef HAVE_INTTYPES_H
| # include <inttypes.h>
| #endif
| #ifdef HAVE_STDINT_H
| # include <stdint.h>
| #endif
| #ifdef HAVE_UNISTD_H
| # include <unistd.h>
| #endif
| #include <ulxmlrpcpp/ulxmlrpcpp.h>
configure:17161: result: no
configure:17161: checking ulxmlrpcpp/ulxmlrpcpp.h presence
configure:17161: g++ -E  conftest.cpp
conftest.cpp:28:35: fatal error: ulxmlrpcpp/ulxmlrpcpp.h: No such file or directory
compilation terminated.
configure:17161: $? = 1
configure: failed program was:
| /* confdefs.h */
| #define PACKAGE_NAME "pwrapi"
| #define PACKAGE_TARNAME "pwrapi"
| #define PACKAGE_VERSION "1.0.1"
| #define PACKAGE_STRING "pwrapi 1.0.1"
| #define PACKAGE_BUGREPORT ""
| #define PACKAGE_URL ""
| #define PACKAGE "pwrapi"
| #define VERSION "1.0.1"
| #define PACKAGE "pwrapi"
| #define VERSION "1.0.1"
| #define STDC_HEADERS 1
| #define HAVE_SYS_TYPES_H 1
| #define HAVE_SYS_STAT_H 1
| #define HAVE_STDLIB_H 1
| #define HAVE_STRING_H 1
| #define HAVE_MEMORY_H 1
| #define HAVE_STRINGS_H 1
| #define HAVE_INTTYPES_H 1
| #define HAVE_STDINT_H 1
| #define HAVE_UNISTD_H 1
| #define HAVE_DLFCN_H 1
| #define LT_OBJDIR ".libs/"
| #define restrict __restrict
| #define HAVE_HWLOC_H 1
| #define HAVE_HWLOC 1
| /* end confdefs.h.  */
| #include <ulxmlrpcpp/ulxmlrpcpp.h>
configure:17161: result: no
configure:17161: checking for ulxmlrpcpp/ulxmlrpcpp.h
configure:17161: result: no
configure:17186: g++ -o conftest -g -O2   conftest.cpp  -lulxmlrpcpp >&5
/usr/bin/ld: cannot find -lulxmlrpcpp
collect2: error: ld returned 1 exit status
configure:17186: $? = 1
configure: failed program was:
| /* confdefs.h */
| #define PACKAGE_NAME "pwrapi"
| #define PACKAGE_TARNAME "pwrapi"
| #define PACKAGE_VERSION "1.0.1"
| #define PACKAGE_STRING "pwrapi 1.0.1"
| #define PACKAGE_BUGREPORT ""
| #define PACKAGE_URL ""
| #define PACKAGE "pwrapi"
| #define VERSION "1.0.1"
| #define PACKAGE "pwrapi"
| #define VERSION "1.0.1"
| #define STDC_HEADERS 1
| #define HAVE_SYS_TYPES_H 1
| #define HAVE_SYS_STAT_H 1
| #define HAVE_STDLIB_H 1
| #define HAVE_STRING_H 1
| #define HAVE_MEMORY_H 1
| #define HAVE_STRINGS_H 1
| #define HAVE_INTTYPES_H 1
| #define HAVE_STDINT_H 1
| #define HAVE_UNISTD_H 1
| #define HAVE_DLFCN_H 1
| #define LT_OBJDIR ".libs/"
| #define restrict __restrict
| #define HAVE_HWLOC_H 1
| #define HAVE_HWLOC 1
| /* end confdefs.h.  */
| 
| int
| main ()
| {
| 
| 			int a;
| 
|   ;
|   return 0;
| }
configure:17282: checking piapi.h usability
configure:17282: g++ -c -g -O2  conftest.cpp >&5
conftest.cpp:61:19: fatal error: piapi.h: No such file or directory
compilation terminated.
configure:17282: $? = 1
configure: failed program was:
| /* confdefs.h */
| #define PACKAGE_NAME "pwrapi"
| #define PACKAGE_TARNAME "pwrapi"
| #define PACKAGE_VERSION "1.0.1"
| #define PACKAGE_STRING "pwrapi 1.0.1"
| #define PACKAGE_BUGREPORT ""
| #define PACKAGE_URL ""
| #define PACKAGE "pwrapi"
| #define VERSION "1.0.1"
| #define PACKAGE "pwrapi"
| #define VERSION "1.0.1"
| #define STDC_HEADERS 1
| #define HAVE_SYS_TYPES_H 1
| #define HAVE_SYS_STAT_H 1
| #define HAVE_STDLIB_H 1
| #define HAVE_STRING_H 1
| #define HAVE_MEMORY_H 1
| #define HAVE_STRINGS_H 1
| #define HAVE_INTTYPES_H 1
| #define HAVE_STDINT_H 1
| #define HAVE_UNISTD_H 1
| #define HAVE_DLFCN_H 1
| #define LT_OBJDIR ".libs/"
| #define restrict __restrict
| #define HAVE_HWLOC_H 1
| #define HAVE_HWLOC 1
| /* end confdefs.h.  */
| #include <stdio.h>
| #ifdef HAVE_SYS_TYPES_H
| # include <sys/types.h>
| #endif
| #ifdef HAVE_SYS_STAT_H
| # include <sys/stat.h>
| #endif
| #ifdef STDC_HEADERS
| # include <stdlib.h>
| # include <stddef.h>
| #else
| # ifdef HAVE_STDLIB_H
| #  include <stdlib.h>
| # endif
| #endif
| #ifdef HAVE_STRING_H
| # if !defined STDC_HEADERS && defined HAVE_MEMORY_H
| #  include <memory.h>
| # endif
| # include <string.h>
| #endif
| #ifdef HAVE_STRINGS_H
| # include <strings.h>
| #endif
| #ifdef HAVE_INTTYPES_H
| # include <inttypes.h>
| #endif
| #ifdef HAVE_STDINT_H
| # include <stdint.h>
| #endif
| #ifdef HAVE_UNISTD_H
| # include <unistd.h>
| #endif
| #include <piapi.h>
configure:17282: result: no
configure:17282: checking piapi.h presence
configure:17282: g++ -E  conftest.cpp
conftest.cpp:28:19: fatal error: piapi.h: No such file or directory
compilation terminated.
configure:17282: $? = 1
configure: failed program was:
| /* confdefs.h */
| #define PACKAGE_NAME "pwrapi"
| #define PACKAGE_TARNAME "pwrapi"
| #define PACKAGE_VERSION "1.0.1"
| #define PACKAGE_STRING "pwrapi 1.0.1"
| #define PACKAGE_BUGREPORT ""
| #define PACKAGE_URL ""
| #define PACKAGE "pwrapi"
| #define VERSION "1.0.1"
| #define PACKAGE "pwrapi"
| #define VERSION "1.0.1"
| #define STDC_HEADERS 1
| #define HAVE_SYS_TYPES_H 1
| #define HAVE_SYS_STAT_H 1
| #define HAVE_STDLIB_H 1
| #define HAVE_STRING_H 1
| #define HAVE_MEMORY_H 1
| #define HAVE_STRINGS_H 1
| #define HAVE_INTTYPES_H 1
| #define HAVE_STDINT_H 1
| #define HAVE_UNISTD_H 1
| #define HAVE_DLFCN_H 1
| #define LT_OBJDIR ".libs/"
| #define restrict __restrict
| #define HAVE_HWLOC_H 1
| #define HAVE_HWLOC 1
| /* end confdefs.h.  */
| #include <piapi.h>
configure:17282: result: no
configure:17282: checking for piapi.h
configure:17282: result: no
configure:17307: g++ -o conftest -g -O2   conftest.cpp  -lpiapi -lpthread >&5
/usr/bin/ld: cannot find -lpiapi
collect2: error: ld returned 1 exit status
configure:17307: $? = 1
configure: failed program was:
| /* confdefs.h */
| #define PACKAGE_NAME "pwrapi"
| #define PACKAGE_TARNAME "pwrapi"
| #define PACKAGE_VERSION "1.0.1"
| #define PACKAGE_STRING "pwrapi 1.0.1"
| #define PACKAGE_BUGREPORT ""
| #define PACKAGE_URL ""
| #define PACKAGE "pwrapi"
| #define VERSION "1.0.1"
| #define PACKAGE "pwrapi"
| #define VERSION "1.0.1"
| #define STDC_HEADERS 1
| #define HAVE_SYS_TYPES_H 1
| #define HAVE_SYS_STAT_H 1
| #define HAVE_STDLIB_H 1
| #define HAVE_STRING_H 1
| #define HAVE_MEMORY_H 1
| #define HAVE_STRINGS_H 1
| #define HAVE_INTTYPES_H 1
| #define HAVE_STDINT_H 1
| #define HAVE_UNISTD_H 1
| #define HAVE_DLFCN_H 1
| #define LT_OBJDIR ".libs/"
| #define restrict __restrict
| #define HAVE_HWLOC_H 1
| #define HAVE_HWLOC 1
| /* end confdefs.h.  */
| 
| int
| main ()
| {
| 
| 			int a;
| 
|   ;
|   return 0;
| }
configure:17402: checking pidev.h usability
configure:17402: g++ -c -g -O2  conftest.cpp >&5
conftest.cpp:61:19: fatal error: pidev.h: No such file or directory
compilation terminated.
configure:17402: $? = 1
configure: failed program was:
| /* confdefs.h */
| #define PACKAGE_NAME "pwrapi"
| #define PACKAGE_TARNAME "pwrapi"
| #define PACKAGE_VERSION "1.0.1"
| #define PACKAGE_STRING "pwrapi 1.0.1"
| #define PACKAGE_BUGREPORT ""
| #define PACKAGE_URL ""
| #define PACKAGE "pwrapi"
| #define VERSION "1.0.1"
| #define PACKAGE "pwrapi"
| #define VERSION "1.0.1"
| #define STDC_HEADERS 1
| #define HAVE_SYS_TYPES_H 1
| #define HAVE_SYS_STAT_H 1
| #define HAVE_STDLIB_H 1
| #define HAVE_STRING_H 1
| #define HAVE_MEMORY_H 1
| #define HAVE_STRINGS_H 1
| #define HAVE_INTTYPES_H 1
| #define HAVE_STDINT_H 1
| #define HAVE_UNISTD_H 1
| #define HAVE_DLFCN_H 1
| #define LT_OBJDIR ".libs/"
| #define restrict __restrict
| #define HAVE_HWLOC_H 1
| #define HAVE_HWLOC 1
| /* end confdefs.h.  */
| #include <stdio.h>
| #ifdef HAVE_SYS_TYPES_H
| # include <sys/types.h>
| #endif
| #ifdef HAVE_SYS_STAT_H
| # include <sys/stat.h>
| #endif
| #ifdef STDC_HEADERS
| # include <stdlib.h>
| # include <stddef.h>
| #else
| # ifdef HAVE_STDLIB_H
| #  include <stdlib.h>
| # endif
| #endif
| #ifdef HAVE_STRING_H
| # if !defined STDC_HEADERS && defined HAVE_MEMORY_H
| #  include <memory.h>
| # endif
| # include <string.h>
| #endif
| #ifdef HAVE_STRINGS_H
| # include <strings.h>
| #endif
| #ifdef HAVE_INTTYPES_H
| # include <inttypes.h>
| #endif
| #ifdef HAVE_STDINT_H
| # include <stdint.h>
| #endif
| #ifdef HAVE_UNISTD_H
| # include <unistd.h>
| #endif
| #include <pidev.h>
configure:17402: result: no
configure:17402: checking pidev.h presence
configure:17402: g++ -E  conftest.cpp
conftest.cpp:28:19: fatal error: pidev.h: No such file or directory
compilation terminated.
configure:17402: $? = 1
configure: failed program was:
| /* confdefs.h */
| #define PACKAGE_NAME "pwrapi"
| #define PACKAGE_TARNAME "pwrapi"
| #define PACKAGE_VERSION "1.0.1"
| #define PACKAGE_STRING "pwrapi 1.0.1"
| #define PACKAGE_BUGREPORT ""
| #define PACKAGE_URL ""
| #define PACKAGE "pwrapi"
| #define VERSION "1.0.1"
| #define PACKAGE "pwrapi"
| #define VERSION "1.0.1"
| #define STDC_HEADERS 1
| #define HAVE_SYS_TYPES_H 1
| #define HAVE_SYS_STAT_H 1
| #define HAVE_STDLIB_H 1
| #define HAVE_STRING_H 1
| #define HAVE_MEMORY_H 1
| #define HAVE_STRINGS_H 1
| #define HAVE_INTTYPES_H 1
| #define HAVE_STDINT_H 1
| #define HAVE_UNISTD_H 1
| #define HAVE_DLFCN_H 1
| #define LT_OBJDIR ".libs/"
| #define restrict __restrict
| #define HAVE_HWLOC_H 1
| #define HAVE_HWLOC 1
| /* end confdefs.h.  */
| #include <pidev.h>
configure:17402: result: no
configure:17402: checking for pidev.h
configure:17402: result: no
configure:17427: g++ -o conftest -g -O2   conftest.cpp  -lpidev -lpthread >&5
/usr/bin/ld: cannot find -lpidev
collect2: error: ld returned 1 exit status
configure:17427: $? = 1
configure: failed program was:
| /* confdefs.h */
| #define PACKAGE_NAME "pwrapi"
| #define PACKAGE_TARNAME "pwrapi"
| #define PACKAGE_VERSION "1.0.1"
| #define PACKAGE_STRING "pwrapi 1.0.1"
| #define PACKAGE_BUGREPORT ""
| #define PACKAGE_URL ""
| #define PACKAGE "pwrapi"
| #define VERSION "1.0.1"
| #define PACKAGE "pwrapi"
| #define VERSION "1.0.1"
| #define STDC_HEADERS 1
| #define HAVE_SYS_TYPES_H 1
| #define HAVE_SYS_STAT_H 1
| #define HAVE_STDLIB_H 1
| #define HAVE_STRING_H 1
| #define HAVE_MEMORY_H 1
| #define HAVE_STRINGS_H 1
| #define HAVE_INTTYPES_H 1
| #define HAVE_STDINT_H 1
| #define HAVE_UNISTD_H 1
| #define HAVE_DLFCN_H 1
| #define LT_OBJDIR ".libs/"
| #define restrict __restrict
| #define HAVE_HWLOC_H 1
| #define HAVE_HWLOC 1
| /* end confdefs.h.  */
| 
| int
| main ()
| {
| 
|                         int a;
| 
|   ;
|   return 0;
| }
configure:17522: checking IntelPowerGadgetLib.h usability
configure:17522: g++ -c -g -O2  conftest.cpp >&5
conftest.cpp:61:33: fatal error: IntelPowerGadgetLib.h: No such file or directory
compilation terminated.
configure:17522: $? = 1
configure: failed program was:
| /* confdefs.h */
| #define PACKAGE_NAME "pwrapi"
| #define PACKAGE_TARNAME "pwrapi"
| #define PACKAGE_VERSION "1.0.1"
| #define PACKAGE_STRING "pwrapi 1.0.1"
| #define PACKAGE_BUGREPORT ""
| #define PACKAGE_URL ""
| #define PACKAGE "pwrapi"
| #define VERSION "1.0.1"
| #define PACKAGE "pwrapi"
| #define VERSION "1.0.1"
| #define STDC_HEADERS 1
| #define HAVE_SYS_TYPES_H 1
| #define HAVE_SYS_STAT_H 1
| #define HAVE_STDLIB_H 1
| #define HAVE_STRING_H 1
| #define HAVE_MEMORY_H 1
| #define HAVE_STRINGS_H 1
| #define HAVE_INTTYPES_H 1
| #define HAVE_STDINT_H 1
| #define HAVE_UNISTD_H 1
| #define HAVE_DLFCN_H 1
| #define LT_OBJDIR ".libs/"
| #define restrict __restrict
| #define HAVE_HWLOC_H 1
| #define HAVE_HWLOC 1
| /* end confdefs.h.  */
| #include <stdio.h>
| #ifdef HAVE_SYS_TYPES_H
| # include <sys/types.h>
| #endif
| #ifdef HAVE_SYS_STAT_H
| # include <sys/stat.h>
| #endif
| #ifdef STDC_HEADERS
| # include <stdlib.h>
| # include <stddef.h>
| #else
| # ifdef HAVE_STDLIB_H
| #  include <stdlib.h>
| # endif
| #endif
| #ifdef HAVE_STRING_H
| # if !defined STDC_HEADERS && defined HAVE_MEMORY_H
| #  include <memory.h>
| # endif
| # include <string.h>
| #endif
| #ifdef HAVE_STRINGS_H
| # include <strings.h>
| #endif
| #ifdef HAVE_INTTYPES_H
| # include <inttypes.h>
| #endif
| #ifdef HAVE_STDINT_H
| # include <stdint.h>
| #endif
| #ifdef HAVE_UNISTD_H
| # include <unistd.h>
| #endif
| #include <IntelPowerGadgetLib.h>
configure:17522: result: no
configure:17522: checking IntelPowerGadgetLib.h presence
configure:17522: g++ -E  conftest.cpp
conftest.cpp:28:33: fatal error: IntelPowerGadgetLib.h: No such file or directory
compilation terminated.
configure:17522: $? = 1
configure: failed program was:
| /* confdefs.h */
| #define PACKAGE_NAME "pwrapi"
| #define PACKAGE_TARNAME "pwrapi"
| #define PACKAGE_VERSION "1.0.1"
| #define PACKAGE_STRING "pwrapi 1.0.1"
| #define PACKAGE_BUGREPORT ""
| #define PACKAGE_URL ""
| #define PACKAGE "pwrapi"
| #define VERSION "1.0.1"
| #define PACKAGE "pwrapi"
| #define VERSION "1.0.1"
| #define STDC_HEADERS 1
| #define HAVE_SYS_TYPES_H 1
| #define HAVE_SYS_STAT_H 1
| #define HAVE_STDLIB_H 1
| #define HAVE_STRING_H 1
| #define HAVE_MEMORY_H 1
| #define HAVE_STRINGS_H 1
| #define HAVE_INTTYPES_H 1
| #define HAVE_STDINT_H 1
| #define HAVE_UNISTD_H 1
| #define HAVE_DLFCN_H 1
| #define LT_OBJDIR ".libs/"
| #define restrict __restrict
| #define HAVE_HWLOC_H 1
| #define HAVE_HWLOC 1
| /* end confdefs.h.  */
| #include <IntelPowerGadgetLib.h>
configure:17522: result: no
configure:17522: checking for IntelPowerGadgetLib.h
configure:17522: result: no
configure:17547: g++ -o conftest -g -O2   conftest.cpp   >&5
configure:17547: $? = 0
configure:17610: checking for mpicxx
configure:17628: found /usr/bin/mpicxx
configure:17641: result: /usr/bin/mpicxx
configure:17677: checking mpi.h usability
configure:17677: g++ -c -g -O2   conftest.cpp >&5
conftest.cpp:61:17: fatal error: mpi.h: No such file or directory
compilation terminated.
configure:17677: $? = 1
configure: failed program was:
| /* confdefs.h */
| #define PACKAGE_NAME "pwrapi"
| #define PACKAGE_TARNAME "pwrapi"
| #define PACKAGE_VERSION "1.0.1"
| #define PACKAGE_STRING "pwrapi 1.0.1"
| #define PACKAGE_BUGREPORT ""
| #define PACKAGE_URL ""
| #define PACKAGE "pwrapi"
| #define VERSION "1.0.1"
| #define PACKAGE "pwrapi"
| #define VERSION "1.0.1"
| #define STDC_HEADERS 1
| #define HAVE_SYS_TYPES_H 1
| #define HAVE_SYS_STAT_H 1
| #define HAVE_STDLIB_H 1
| #define HAVE_STRING_H 1
| #define HAVE_MEMORY_H 1
| #define HAVE_STRINGS_H 1
| #define HAVE_INTTYPES_H 1
| #define HAVE_STDINT_H 1
| #define HAVE_UNISTD_H 1
| #define HAVE_DLFCN_H 1
| #define LT_OBJDIR ".libs/"
| #define restrict __restrict
| #define HAVE_HWLOC_H 1
| #define HAVE_HWLOC 1
| /* end confdefs.h.  */
| #include <stdio.h>
| #ifdef HAVE_SYS_TYPES_H
| # include <sys/types.h>
| #endif
| #ifdef HAVE_SYS_STAT_H
| # include <sys/stat.h>
| #endif
| #ifdef STDC_HEADERS
| # include <stdlib.h>
| # include <stddef.h>
| #else
| # ifdef HAVE_STDLIB_H
| #  include <stdlib.h>
| # endif
| #endif
| #ifdef HAVE_STRING_H
| # if !defined STDC_HEADERS && defined HAVE_MEMORY_H
| #  include <memory.h>
| # endif
| # include <string.h>
| #endif
| #ifdef HAVE_STRINGS_H
| # include <strings.h>
| #endif
| #ifdef HAVE_INTTYPES_H
| # include <inttypes.h>
| #endif
| #ifdef HAVE_STDINT_H
| # include <stdint.h>
| #endif
| #ifdef HAVE_UNISTD_H
| # include <unistd.h>
| #endif
| #include <mpi.h>
configure:17677: result: no
configure:17677: checking mpi.h presence
configure:17677: g++ -E   conftest.cpp
conftest.cpp:28:17: fatal error: mpi.h: No such file or directory
compilation terminated.
configure:17677: $? = 1
configure: failed program was:
| /* confdefs.h */
| #define PACKAGE_NAME "pwrapi"
| #define PACKAGE_TARNAME "pwrapi"
| #define PACKAGE_VERSION "1.0.1"
| #define PACKAGE_STRING "pwrapi 1.0.1"
| #define PACKAGE_BUGREPORT ""
| #define PACKAGE_URL ""
| #define PACKAGE "pwrapi"
| #define VERSION "1.0.1"
| #define PACKAGE "pwrapi"
| #define VERSION "1.0.1"
| #define STDC_HEADERS 1
| #define HAVE_SYS_TYPES_H 1
| #define HAVE_SYS_STAT_H 1
| #define HAVE_STDLIB_H 1
| #define HAVE_STRING_H 1
| #define HAVE_MEMORY_H 1
| #define HAVE_STRINGS_H 1
| #define HAVE_INTTYPES_H 1
| #define HAVE_STDINT_H 1
| #define HAVE_UNISTD_H 1
| #define HAVE_DLFCN_H 1
| #define LT_OBJDIR ".libs/"
| #define restrict __restrict
| #define HAVE_HWLOC_H 1
| #define HAVE_HWLOC 1
| /* end confdefs.h.  */
| #include <mpi.h>
configure:17677: result: no
configure:17677: checking for mpi.h
configure:17677: result: no
configure:17771: checking miclib.h usability
configure:17771: g++ -c -g -O2  conftest.cpp >&5
conftest.cpp:61:20: fatal error: miclib.h: No such file or directory
compilation terminated.
configure:17771: $? = 1
configure: failed program was:
| /* confdefs.h */
| #define PACKAGE_NAME "pwrapi"
| #define PACKAGE_TARNAME "pwrapi"
| #define PACKAGE_VERSION "1.0.1"
| #define PACKAGE_STRING "pwrapi 1.0.1"
| #define PACKAGE_BUGREPORT ""
| #define PACKAGE_URL ""
| #define PACKAGE "pwrapi"
| #define VERSION "1.0.1"
| #define PACKAGE "pwrapi"
| #define VERSION "1.0.1"
| #define STDC_HEADERS 1
| #define HAVE_SYS_TYPES_H 1
| #define HAVE_SYS_STAT_H 1
| #define HAVE_STDLIB_H 1
| #define HAVE_STRING_H 1
| #define HAVE_MEMORY_H 1
| #define HAVE_STRINGS_H 1
| #define HAVE_INTTYPES_H 1
| #define HAVE_STDINT_H 1
| #define HAVE_UNISTD_H 1
| #define HAVE_DLFCN_H 1
| #define LT_OBJDIR ".libs/"
| #define restrict __restrict
| #define HAVE_HWLOC_H 1
| #define HAVE_HWLOC 1
| /* end confdefs.h.  */
| #include <stdio.h>
| #ifdef HAVE_SYS_TYPES_H
| # include <sys/types.h>
| #endif
| #ifdef HAVE_SYS_STAT_H
| # include <sys/stat.h>
| #endif
| #ifdef STDC_HEADERS
| # include <stdlib.h>
| # include <stddef.h>
| #else
| # ifdef HAVE_STDLIB_H
| #  include <stdlib.h>
| # endif
| #endif
| #ifdef HAVE_STRING_H
| # if !defined STDC_HEADERS && defined HAVE_MEMORY_H
| #  include <memory.h>
| # endif
| # include <string.h>
| #endif
| #ifdef HAVE_STRINGS_H
| # include <strings.h>
| #endif
| #ifdef HAVE_INTTYPES_H
| # include <inttypes.h>
| #endif
| #ifdef HAVE_STDINT_H
| # include <stdint.h>
| #endif
| #ifdef HAVE_UNISTD_H
| # include <unistd.h>
| #endif
| #include <miclib.h>
configure:17771: result: no
configure:17771: checking miclib.h presence
configure:17771: g++ -E  conftest.cpp
conftest.cpp:28:20: fatal error: miclib.h: No such file or directory
compilation terminated.
configure:17771: $? = 1
configure: failed program was:
| /* confdefs.h */
| #define PACKAGE_NAME "pwrapi"
| #define PACKAGE_TARNAME "pwrapi"
| #define PACKAGE_VERSION "1.0.1"
| #define PACKAGE_STRING "pwrapi 1.0.1"
| #define PACKAGE_BUGREPORT ""
| #define PACKAGE_URL ""
| #define PACKAGE "pwrapi"
| #define VERSION "1.0.1"
| #define PACKAGE "pwrapi"
| #define VERSION "1.0.1"
| #define STDC_HEADERS 1
| #define HAVE_SYS_TYPES_H 1
| #define HAVE_SYS_STAT_H 1
| #define HAVE_STDLIB_H 1
| #define HAVE_STRING_H 1
| #define HAVE_MEMORY_H 1
| #define HAVE_STRINGS_H 1
| #define HAVE_INTTYPES_H 1
| #define HAVE_STDINT_H 1
| #define HAVE_UNISTD_H 1
| #define HAVE_DLFCN_H 1
| #define LT_OBJDIR ".libs/"
| #define restrict __restrict
| #define HAVE_HWLOC_H 1
| #define HAVE_HWLOC 1
| /* end confdefs.h.  */
| #include <miclib.h>
configure:17771: result: no
configure:17771: checking for miclib.h
configure:17771: result: no
configure:17796: g++ -o conftest -g -O2   conftest.cpp  -lscif -lmicmgmt >&5
/usr/bin/ld: cannot find -lscif
/usr/bin/ld: cannot find -lmicmgmt
collect2: error: ld returned 1 exit status
configure:17796: $? = 1
configure: failed program was:
| /* confdefs.h */
| #define PACKAGE_NAME "pwrapi"
| #define PACKAGE_TARNAME "pwrapi"
| #define PACKAGE_VERSION "1.0.1"
| #define PACKAGE_STRING "pwrapi 1.0.1"
| #define PACKAGE_BUGREPORT ""
| #define PACKAGE_URL ""
| #define PACKAGE "pwrapi"
| #define VERSION "1.0.1"
| #define PACKAGE "pwrapi"
| #define VERSION "1.0.1"
| #define STDC_HEADERS 1
| #define HAVE_SYS_TYPES_H 1
| #define HAVE_SYS_STAT_H 1
| #define HAVE_STDLIB_H 1
| #define HAVE_STRING_H 1
| #define HAVE_MEMORY_H 1
| #define HAVE_STRINGS_H 1
| #define HAVE_INTTYPES_H 1
| #define HAVE_STDINT_H 1
| #define HAVE_UNISTD_H 1
| #define HAVE_DLFCN_H 1
| #define LT_OBJDIR ".libs/"
| #define restrict __restrict
| #define HAVE_HWLOC_H 1
| #define HAVE_HWLOC 1
| /* end confdefs.h.  */
| 
| int
| main ()
| {
| 
| 			int a;
| 
|   ;
|   return 0;
| }
configure:17972: checking that generated files are newer than configure
configure:17978: result: done
configure:18065: creating ./config.status

## ---------------------- ##
## Running config.status. ##
## ---------------------- ##

This file was extended by pwrapi config.status 1.0.1, which was
generated by GNU Autoconf 2.69.  Invocation command line was

  CONFIG_FILES    = 
  CONFIG_HEADERS  = 
  CONFIG_LINKS    = 
  CONFIG_COMMANDS = 
  $ ./config.status 

on power2018

config.status:1227: creating Makefile
config.status:1227: creating tools/script/hwloc_profile
config.status:1227: creating tools/script/hwloc_powercap_profile
config.status:1227: creating tools/script/hwloc_cpu_profile
config.status:1227: creating tools/script/hwloc_rapl_profile
config.status:1227: creating tools/script/hwloc_multi_profile
config.status:1227: creating examples/script/xml_profile
config.status:1227: creating src/Makefile
config.status:1227: creating src/tinyxml2/Makefile
config.status:1227: creating src/pwr/Makefile
config.status:1227: creating src/bindings/python/Makefile
config.status:1227: creating src/plugins/Makefile
config.status:1227: creating tools/Makefile
config.status:1227: creating tools/pwrdaemon/Makefile
config.status:1227: creating examples/Makefile
config.status:1227: creating test/Makefile
config.status:1227: creating src/pwr_config.h
config.status:1408: src/pwr_config.h is unchanged
config.status:1456: executing depfiles commands
config.status:1456: executing libtool commands

## ---------------- ##
## Cache variables. ##
## ---------------- ##

ac_cv_build=x86_64-pc-linux-gnu
ac_cv_c_compiler_gnu=yes
ac_cv_c_inline=inline
ac_cv_c_restrict=__restrict
ac_cv_cxx_compiler_gnu=yes
ac_cv_env_CCC_set=
ac_cv_env_CCC_value=
ac_cv_env_CC_set=
ac_cv_env_CC_value=
ac_cv_env_CFLAGS_set=
ac_cv_env_CFLAGS_value=
ac_cv_env_CPPFLAGS_set=
ac_cv_env_CPPFLAGS_value=
ac_cv_env_CPP_set=
ac_cv_env_CPP_value=
ac_cv_env_CXXCPP_set=
ac_cv_env_CXXCPP_value=
ac_cv_env_CXXFLAGS_set=
ac_cv_env_CXXFLAGS_value=
ac_cv_env_CXX_set=
ac_cv_env_CXX_value=
ac_cv_env_LDFLAGS_set=
ac_cv_env_LDFLAGS_value=
ac_cv_env_LIBS_set=
ac_cv_env_LIBS_value=
ac_cv_env_LT_SYS_LIBRARY_PATH_set=
ac_cv_env_LT_SYS_LIBRARY_PATH_value=
ac_cv_env_PYTHON_set=
ac_cv_env_PYTHON_value=
ac_cv_env_build_alias_set=
ac_cv_env_build_alias_value=
ac_cv_env_host_alias_set=
ac_cv_env_host_alias_value=
ac_cv_env_target_alias_set=
ac_cv_env_target_alias_value=
ac_cv_header_IntelPowerGadgetLib_h=no
ac_cv_header_Python_h=no
ac_cv_header_dlfcn_h=yes
ac_cv_header_hwloc_h=yes
ac_cv_header_inttypes_h=yes
ac_cv_header_memory_h=yes
ac_cv_header_miclib_h=no
ac_cv_header_mpi_h=no
ac_cv_header_piapi_h=no
ac_cv_header_pidev_h=no
ac_cv_header_stdc=yes
ac_cv_header_stdint_h=yes
ac_cv_header_stdlib_h=yes
ac_cv_header_string_h=yes
ac_cv_header_strings_h=yes
ac_cv_header_sys_stat_h=yes
ac_cv_header_sys_types_h=yes
ac_cv_header_ulxmlrpcpp_ulxmlrpcpp_h=no
ac_cv_header_unistd_h=yes
ac_cv_host=x86_64-pc-linux-gnu
ac_cv_objext=o
ac_cv_path_EGREP='/bin/grep -E'
ac_cv_path_FGREP='/bin/grep -F'
ac_cv_path_GREP=/bin/grep
ac_cv_path_MPI_EXE=/usr/bin/mpicxx
ac_cv_path_PYTHON=/usr/bin/python3
ac_cv_path_PYTHON_CONFIG_EXE=NOTFOUND
ac_cv_path_SED=/bin/sed
ac_cv_path_SWIG=
ac_cv_path_install='/usr/bin/install -c'
ac_cv_path_lt_DD=/bin/dd
ac_cv_path_mkdir=/bin/mkdir
ac_cv_prog_AWK=gawk
ac_cv_prog_CPP='gcc -E'
ac_cv_prog_CXXCPP='g++ -E'
ac_cv_prog_ac_ct_AR=ar
ac_cv_prog_ac_ct_CC=gcc
ac_cv_prog_ac_ct_CXX=g++
ac_cv_prog_ac_ct_MANIFEST_TOOL=mt
ac_cv_prog_ac_ct_OBJDUMP=objdump
ac_cv_prog_ac_ct_RANLIB=ranlib
ac_cv_prog_ac_ct_STRIP=strip
ac_cv_prog_cc_c89=
ac_cv_prog_cc_g=yes
ac_cv_prog_cxx_g=yes
ac_cv_prog_make_make_set=yes
am_cv_CC_dependencies_compiler_type=gcc3
am_cv_CXX_dependencies_compiler_type=gcc3
am_cv_make_support_nested_variables=yes
am_cv_prog_cc_c_o=yes
am_cv_python_platform=linux
am_cv_python_pyexecdir='${exec_prefix}/lib/python3.5/site-packages'
am_cv_python_pythondir='${prefix}/lib/python3.5/site-packages'
am_cv_python_version=3.5
lt_cv_ar_at_file=@
lt_cv_archive_cmds_need_lc=no
lt_cv_deplibs_check_method=pass_all
lt_cv_file_magic_cmd='$MAGIC_CMD'
lt_cv_file_magic_test_file=
lt_cv_ld_reload_flag=-r
lt_cv_nm_interface='BSD nm'
lt_cv_objdir=.libs
lt_cv_path_LD=/usr/bin/ld
lt_cv_path_LDCXX='/usr/bin/ld -m elf_x86_64'
lt_cv_path_NM='/usr/bin/nm -B'
lt_cv_path_mainfest_tool=no
lt_cv_prog_compiler_c_o=yes
lt_cv_prog_compiler_c_o_CXX=yes
lt_cv_prog_compiler_pic='-fPIC -DPIC'
lt_cv_prog_compiler_pic_CXX='-fPIC -DPIC'
lt_cv_prog_compiler_pic_works=yes
lt_cv_prog_compiler_pic_works_CXX=yes
lt_cv_prog_compiler_rtti_exceptions=no
lt_cv_prog_compiler_static_works=yes
lt_cv_prog_compiler_static_works_CXX=yes
lt_cv_prog_gnu_ld=yes
lt_cv_prog_gnu_ldcxx=yes
lt_cv_sharedlib_from_linklib_cmd='printf %s\n'
lt_cv_shlibpath_overrides_runpath=no
lt_cv_sys_global_symbol_pipe='sed -n -e '\''s/^.*[	 ]\([ABCDGIRSTW][ABCDGIRSTW]*\)[	 ][	 ]*\([_A-Za-z][_A-Za-z0-9]*\)$/\1 \2 \2/p'\'' | sed '\''/ __gnu_lto/d'\'''
lt_cv_sys_global_symbol_to_c_name_address='sed -n -e '\''s/^: \(.*\) .*$/  {"\1", (void *) 0},/p'\'' -e '\''s/^[ABCDGIRSTW][ABCDGIRSTW]* .* \(.*\)$/  {"\1", (void *) \&\1},/p'\'''
lt_cv_sys_global_symbol_to_c_name_address_lib_prefix='sed -n -e '\''s/^: \(.*\) .*$/  {"\1", (void *) 0},/p'\'' -e '\''s/^[ABCDGIRSTW][ABCDGIRSTW]* .* \(lib.*\)$/  {"\1", (void *) \&\1},/p'\'' -e '\''s/^[ABCDGIRSTW][ABCDGIRSTW]* .* \(.*\)$/  {"lib\1", (void *) \&\1},/p'\'''
lt_cv_sys_global_symbol_to_cdecl='sed -n -e '\''s/^T .* \(.*\)$/extern int \1();/p'\'' -e '\''s/^[ABCDGIRSTW][ABCDGIRSTW]* .* \(.*\)$/extern char \1;/p'\'''
lt_cv_sys_global_symbol_to_import=
lt_cv_sys_max_cmd_len=1572864
lt_cv_to_host_file_cmd=func_convert_file_noop
lt_cv_to_tool_file_cmd=func_convert_file_noop
lt_cv_truncate_bin='/bin/dd bs=4096 count=1'

## ----------------- ##
## Output variables. ##
## ----------------- ##

ACLOCAL='${SHELL} /home/kona/pwr2018/pwrapi-ref/config/missing aclocal-1.15'
AMDEPBACKSLASH='\'
AMDEP_FALSE='#'
AMDEP_TRUE=''
AMTAR='$${TAR-tar}'
AM_BACKSLASH='\'
AM_DEFAULT_V='$(AM_DEFAULT_VERBOSITY)'
AM_DEFAULT_VERBOSITY='1'
AM_V='$(V)'
AR='ar'
AUTOCONF='${SHELL} /home/kona/pwr2018/pwrapi-ref/config/missing autoconf'
AUTOHEADER='${SHELL} /home/kona/pwr2018/pwrapi-ref/config/missing autoheader'
AUTOMAKE='${SHELL} /home/kona/pwr2018/pwrapi-ref/config/missing automake-1.15'
AWK='gawk'
CC='gcc'
CCDEPMODE='depmode=gcc3'
CFLAGS='-g -O3'
CPP='gcc -E'
CPPFLAGS=''
CXX='g++'
CXXCPP='g++ -E'
CXXDEPMODE='depmode=gcc3'
CXXFLAGS='-g -O2'
CYGPATH_W='echo'
DEFS='-DHAVE_CONFIG_H'
DEPDIR='.deps'
DLLTOOL='false'
DSYMUTIL=''
DUMPBIN=''
ECHO_C=''
ECHO_N='-n'
ECHO_T=''
EGREP='/bin/grep -E'
EXEEXT=''
FGREP='/bin/grep -F'
GREP='/bin/grep'
HAVE_HWLOC_FALSE='#'
HAVE_HWLOC_TRUE=''
HAVE_MIC_FALSE=''
HAVE_MIC_TRUE='#'
HAVE_MPI_FALSE=''
HAVE_MPI_TRUE='#'
HAVE_PIAPI_FALSE=''
HAVE_PIAPI_TRUE='#'
HAVE_POWERGADGET_FALSE=''
HAVE_POWERGADGET_TRUE='#'
HAVE_POWERINSIGHT_FALSE=''
HAVE_POWERINSIGHT_TRUE='#'
HAVE_PYTHON_FALSE=''
HAVE_PYTHON_TRUE='#'
HAVE_SWIG_FALSE=''
HAVE_SWIG_TRUE='#'
HAVE_XMLRPC_FALSE=''
HAVE_XMLRPC_TRUE='#'
HWLOC_CPPFLAGS='-I/usr/include/hwloc/include'
HWLOC_LDFLAGS='-L/usr/include/hwloc/lib'
HWLOC_LIBS='-lhwloc'
INSTALL_DATA='${INSTALL} -m 644'
INSTALL_PROGRAM='${INSTALL}'
INSTALL_SCRIPT='${INSTALL}'
INSTALL_STRIP_PROGRAM='$(install_sh) -c -s'
LD='/usr/bin/ld -m elf_x86_64'
LDFLAGS=''
LIBOBJS=''
LIBS=''
LIBTOOL='$(SHELL) $(top_builddir)/libtool'
LIPO=''
LN_S='ln -s'
LTLIBOBJS=''
LT_SYS_LIBRARY_PATH=''
MAINT='#'
MAINTAINER_MODE_FALSE=''
MAINTAINER_MODE_TRUE='#'
MAKEINFO='${SHELL} /home/kona/pwr2018/pwrapi-ref/config/missing makeinfo'
MANIFEST_TOOL=':'
MIC_CPPFLAGS=''
MIC_LDFLAGS=''
MIC_LIBS='-lscif -lmicmgmt'
MKDIR_P='/bin/mkdir -p'
MPI_CONFIG_EXE=''
MPI_CPPFLAGS=''
MPI_EXE='/usr/bin/mpicxx'
MPI_LDFLAGS=''
NM='/usr/bin/nm -B'
NMEDIT=''
OBJDUMP='objdump'
OBJEXT='o'
OTOOL64=''
OTOOL=''
PACKAGE='pwrapi'
PACKAGE_BUGREPORT=''
PACKAGE_NAME='pwrapi'
PACKAGE_STRING='pwrapi 1.0.1'
PACKAGE_TARNAME='pwrapi'
PACKAGE_URL=''
PACKAGE_VERSION='1.0.1'
PATH_SEPARATOR=':'
PIAPI_CPPFLAGS=''
PIAPI_LDFLAGS=''
PIAPI_LIBS='-lpiapi -lpthread'
POWERGADGET_CPPFLAGS=''
POWERGADGET_LDFLAGS='-framework IntelPowerGadget'
POWERGADGET_LIBS=''
POWERINSIGHT_CFLAGS=''
POWERINSIGHT_LDFLAGS=''
POWERINSIGHT_LIBS='-lpidev -lpthread'
PYTHON='/usr/bin/python3'
PYTHON_CONFIG_EXE='NOTFOUND'
PYTHON_CPPFLAGS=''
PYTHON_EXEC_PREFIX='${exec_prefix}'
PYTHON_LDFLAGS=''
PYTHON_PLATFORM='linux'
PYTHON_PREFIX='${prefix}'
PYTHON_VERSION='3.5'
RANLIB='ranlib'
SED='/bin/sed'
SET_MAKE=''
SHELL='/bin/bash'
STRIP='strip'
SWIG=''
SWIG_FLAGS='-python'
SWIG_PYTHON_CPPFLAGS=''
USE_STATIC_FALSE=''
USE_STATIC_TRUE='#'
VERSION='1.0.1'
XMLRPC_CPPFLAGS=''
XMLRPC_LDFLAGS=''
XMLRPC_LIBS='-lulxmlrpcpp'
ac_ct_AR='ar'
ac_ct_CC='gcc'
ac_ct_CXX='g++'
ac_ct_DUMPBIN=''
am__EXEEXT_FALSE=''
am__EXEEXT_TRUE='#'
am__fastdepCC_FALSE='#'
am__fastdepCC_TRUE=''
am__fastdepCXX_FALSE='#'
am__fastdepCXX_TRUE=''
am__include='include'
am__isrc=''
am__leading_dot='.'
am__nodep='_no'
am__quote=''
am__tar='$${TAR-tar} chof - "$$tardir"'
am__untar='$${TAR-tar} xf -'
bindir='${exec_prefix}/bin'
build='x86_64-pc-linux-gnu'
build_alias=''
build_cpu='x86_64'
build_os='linux-gnu'
build_vendor='pc'
datadir='${datarootdir}'
datarootdir='${prefix}/share'
docdir='${datarootdir}/doc/${PACKAGE_TARNAME}'
dvidir='${docdir}'
exec_prefix='${prefix}'
host='x86_64-pc-linux-gnu'
host_alias=''
host_cpu='x86_64'
host_os='linux-gnu'
host_vendor='pc'
htmldir='${docdir}'
includedir='${prefix}/include'
infodir='${datarootdir}/info'
install_sh='${SHELL} /home/kona/pwr2018/pwrapi-ref/config/install-sh'
libdir='${exec_prefix}/lib'
libexecdir='${exec_prefix}/libexec'
localedir='${datarootdir}/locale'
localstatedir='${prefix}/var'
mandir='${datarootdir}/man'
mkdir_p='$(MKDIR_P)'
oldincludedir='/usr/include'
pdfdir='${docdir}'
pkgpyexecdir='${pyexecdir}/pwrapi'
pkgpythondir='${pythondir}/pwrapi'
prefix='/home/kona/pwr2018/pwrlib-install'
program_transform_name='s,x,x,'
psdir='${docdir}'
pyexecdir='${exec_prefix}/lib/python3.5/site-packages'
pythondir='${prefix}/lib/python3.5/site-packages'
runstatedir='${localstatedir}/run'
sbindir='${exec_prefix}/sbin'
sharedstatedir='${prefix}/com'
sysconfdir='${prefix}/etc'
target_alias=''

## ----------- ##
## confdefs.h. ##
## ----------- ##

/* confdefs.h */
#define PACKAGE_NAME "pwrapi"
#define PACKAGE_TARNAME "pwrapi"
#define PACKAGE_VERSION "1.0.1"
#define PACKAGE_STRING "pwrapi 1.0.1"
#define PACKAGE_BUGREPORT ""
#define PACKAGE_URL ""
#define PACKAGE "pwrapi"
#define VERSION "1.0.1"
#define PACKAGE "pwrapi"
#define VERSION "1.0.1"
#define STDC_HEADERS 1
#define HAVE_SYS_TYPES_H 1
#define HAVE_SYS_STAT_H 1
#define HAVE_STDLIB_H 1
#define HAVE_STRING_H 1
#define HAVE_MEMORY_H 1
#define HAVE_STRINGS_H 1
#define HAVE_INTTYPES_H 1
#define HAVE_STDINT_H 1
#define HAVE_UNISTD_H 1
#define HAVE_DLFCN_H 1
#define LT_OBJDIR ".libs/"
#define restrict __restrict
#define HAVE_HWLOC_H 1
#define HAVE_HWLOC 1

configure: exit 0
